[2022-04-18T17:31:05.617] [INFO] access - ::1 - - "GET /sockjs-node/info?t=1650274265603 HTTP/1.1" 200 79 "http://172.18.5.67:3001/" "Mozilla/5.0 (Windows NT 10.0; Win64; x64) AppleWebKit/537.36 (KHTML, like Gecko) Chrome/100.0.4896.88 Safari/537.36"
[2022-04-18T17:31:07.117] [INFO] access - ::1 - - "GET /sockjs-node/info?t=1650274267109 HTTP/1.1" 200 79 "http://172.18.5.67:3001/" "Mozilla/5.0 (Windows NT 10.0; Win64; x64) AppleWebKit/537.36 (KHTML, like Gecko) Chrome/100.0.4896.88 Safari/537.36"
[2022-04-18T17:31:08.167] [INFO] access - ::1 - - "GET /sockjs-node/info?t=1650274268160 HTTP/1.1" 200 79 "http://172.18.5.67:3001/" "Mozilla/5.0 (Windows NT 10.0; Win64; x64) AppleWebKit/537.36 (KHTML, like Gecko) Chrome/100.0.4896.88 Safari/537.36"
[2022-04-18T17:31:10.203] [INFO] access - ::1 - - "GET /sockjs-node/info?t=1650274270192 HTTP/1.1" 200 79 "http://172.18.5.67:3001/" "Mozilla/5.0 (Windows NT 10.0; Win64; x64) AppleWebKit/537.36 (KHTML, like Gecko) Chrome/100.0.4896.88 Safari/537.36"
[2022-04-18T17:31:15.631] [INFO] access - ::1 - - "GET /sockjs-node/info?t=1650274275626 HTTP/1.1" 200 79 "http://localhost:3001/" "Mozilla/5.0 (Windows NT 10.0; Win64; x64) AppleWebKit/537.36 (KHTML, like Gecko) Chrome/100.0.4896.88 Safari/537.36"
[2022-04-18T17:31:16.923] [INFO] access - ::1 - - "GET /sockjs-node/info?t=1650274276919 HTTP/1.1" 200 79 "http://localhost:3001/" "Mozilla/5.0 (Windows NT 10.0; Win64; x64) AppleWebKit/537.36 (KHTML, like Gecko) Chrome/100.0.4896.88 Safari/537.36"
[2022-04-18T17:31:18.026] [INFO] access - ::1 - - "GET /sockjs-node/info?t=1650274278021 HTTP/1.1" 200 79 "http://localhost:3001/" "Mozilla/5.0 (Windows NT 10.0; Win64; x64) AppleWebKit/537.36 (KHTML, like Gecko) Chrome/100.0.4896.88 Safari/537.36"
[2022-04-18T17:31:20.107] [INFO] access - ::1 - - "GET /sockjs-node/info?t=1650274280104 HTTP/1.1" 200 79 "http://localhost:3001/" "Mozilla/5.0 (Windows NT 10.0; Win64; x64) AppleWebKit/537.36 (KHTML, like Gecko) Chrome/100.0.4896.88 Safari/537.36"
[2022-04-18T17:31:24.142] [INFO] access - ::1 - - "GET /sockjs-node/info?t=1650274284132 HTTP/1.1" 200 79 "http://localhost:3001/" "Mozilla/5.0 (Windows NT 10.0; Win64; x64) AppleWebKit/537.36 (KHTML, like Gecko) Chrome/100.0.4896.88 Safari/537.36"
[2022-04-18T17:31:32.207] [INFO] access - ::1 - - "GET /sockjs-node/info?t=1650274292200 HTTP/1.1" 200 79 "http://localhost:3001/" "Mozilla/5.0 (Windows NT 10.0; Win64; x64) AppleWebKit/537.36 (KHTML, like Gecko) Chrome/100.0.4896.88 Safari/537.36"
[2022-04-18T17:31:48.258] [INFO] access - ::1 - - "GET /sockjs-node/info?t=1650274308253 HTTP/1.1" 200 79 "http://localhost:3001/" "Mozilla/5.0 (Windows NT 10.0; Win64; x64) AppleWebKit/537.36 (KHTML, like Gecko) Chrome/100.0.4896.88 Safari/537.36"
[2022-04-18T17:32:20.373] [INFO] access - ::1 - - "GET /sockjs-node/info?t=1650274340366 HTTP/1.1" 200 79 "http://localhost:3001/" "Mozilla/5.0 (Windows NT 10.0; Win64; x64) AppleWebKit/537.36 (KHTML, like Gecko) Chrome/100.0.4896.88 Safari/537.36"
[2022-04-18T17:33:24.509] [INFO] access - ::1 - - "GET /sockjs-node/info?t=1650274404497 HTTP/1.1" 200 79 "http://localhost:3001/" "Mozilla/5.0 (Windows NT 10.0; Win64; x64) AppleWebKit/537.36 (KHTML, like Gecko) Chrome/100.0.4896.88 Safari/537.36"
[2022-04-18T17:35:32.640] [INFO] access - ::1 - - "GET /sockjs-node/info?t=1650274532630 HTTP/1.1" 200 79 "http://localhost:3001/" "Mozilla/5.0 (Windows NT 10.0; Win64; x64) AppleWebKit/537.36 (KHTML, like Gecko) Chrome/100.0.4896.88 Safari/537.36"
[2022-04-18T17:35:36.996] [INFO] access - ::1 - - "GET /sockjs-node/info?t=1650274536992 HTTP/1.1" 200 79 "http://localhost:3001/" "Mozilla/5.0 (Windows NT 10.0; Win64; x64) AppleWebKit/537.36 (KHTML, like Gecko) Chrome/100.0.4896.88 Safari/537.36"
[2022-04-18T17:35:38.434] [INFO] access - ::1 - - "GET /sockjs-node/info?t=1650274538426 HTTP/1.1" 200 79 "http://localhost:3001/" "Mozilla/5.0 (Windows NT 10.0; Win64; x64) AppleWebKit/537.36 (KHTML, like Gecko) Chrome/100.0.4896.88 Safari/537.36"
[2022-04-18T17:35:39.529] [INFO] access - ::1 - - "GET /sockjs-node/info?t=1650274539524 HTTP/1.1" 200 79 "http://localhost:3001/" "Mozilla/5.0 (Windows NT 10.0; Win64; x64) AppleWebKit/537.36 (KHTML, like Gecko) Chrome/100.0.4896.88 Safari/537.36"
[2022-04-18T17:35:41.609] [INFO] access - ::1 - - "GET /sockjs-node/info?t=1650274541601 HTTP/1.1" 200 79 "http://localhost:3001/" "Mozilla/5.0 (Windows NT 10.0; Win64; x64) AppleWebKit/537.36 (KHTML, like Gecko) Chrome/100.0.4896.88 Safari/537.36"
[2022-04-18T17:35:45.646] [INFO] access - ::1 - - "GET /sockjs-node/info?t=1650274545639 HTTP/1.1" 200 79 "http://localhost:3001/" "Mozilla/5.0 (Windows NT 10.0; Win64; x64) AppleWebKit/537.36 (KHTML, like Gecko) Chrome/100.0.4896.88 Safari/537.36"
[2022-04-18T17:35:53.728] [INFO] access - ::1 - - "GET /sockjs-node/info?t=1650274553723 HTTP/1.1" 200 79 "http://localhost:3001/" "Mozilla/5.0 (Windows NT 10.0; Win64; x64) AppleWebKit/537.36 (KHTML, like Gecko) Chrome/100.0.4896.88 Safari/537.36"
[2022-04-18T17:36:09.781] [INFO] access - ::1 - - "GET /sockjs-node/info?t=1650274569772 HTTP/1.1" 200 79 "http://localhost:3001/" "Mozilla/5.0 (Windows NT 10.0; Win64; x64) AppleWebKit/537.36 (KHTML, like Gecko) Chrome/100.0.4896.88 Safari/537.36"
[2022-04-18T17:36:41.890] [INFO] access - ::1 - - "GET /sockjs-node/info?t=1650274601884 HTTP/1.1" 200 79 "http://localhost:3001/" "Mozilla/5.0 (Windows NT 10.0; Win64; x64) AppleWebKit/537.36 (KHTML, like Gecko) Chrome/100.0.4896.88 Safari/537.36"
[2022-04-18T17:37:44.493] [INFO] access - ::1 - - "GET /sockjs-node/info?t=1650274664487 HTTP/1.1" 200 79 "http://localhost:3001/" "Mozilla/5.0 (Windows NT 10.0; Win64; x64) AppleWebKit/537.36 (KHTML, like Gecko) Chrome/100.0.4896.88 Safari/537.36"
[2022-04-18T17:37:46.087] [INFO] access - ::1 - - "GET /sockjs-node/info?t=1650274666078 HTTP/1.1" 200 79 "http://localhost:3001/" "Mozilla/5.0 (Windows NT 10.0; Win64; x64) AppleWebKit/537.36 (KHTML, like Gecko) Chrome/100.0.4896.88 Safari/537.36"
[2022-04-18T17:37:47.185] [INFO] access - ::1 - - "GET /sockjs-node/info?t=1650274667177 HTTP/1.1" 200 79 "http://localhost:3001/" "Mozilla/5.0 (Windows NT 10.0; Win64; x64) AppleWebKit/537.36 (KHTML, like Gecko) Chrome/100.0.4896.88 Safari/537.36"
[2022-04-18T17:37:49.292] [INFO] access - ::1 - - "GET /sockjs-node/info?t=1650274669285 HTTP/1.1" 200 79 "http://localhost:3001/" "Mozilla/5.0 (Windows NT 10.0; Win64; x64) AppleWebKit/537.36 (KHTML, like Gecko) Chrome/100.0.4896.88 Safari/537.36"
[2022-04-18T17:37:53.387] [INFO] access - ::1 - - "GET /sockjs-node/info?t=1650274673378 HTTP/1.1" 200 79 "http://localhost:3001/" "Mozilla/5.0 (Windows NT 10.0; Win64; x64) AppleWebKit/537.36 (KHTML, like Gecko) Chrome/100.0.4896.88 Safari/537.36"
[2022-04-18T17:38:01.416] [INFO] access - ::1 - - "GET /sockjs-node/info?t=1650274681411 HTTP/1.1" 200 79 "http://localhost:3001/" "Mozilla/5.0 (Windows NT 10.0; Win64; x64) AppleWebKit/537.36 (KHTML, like Gecko) Chrome/100.0.4896.88 Safari/537.36"
[2022-04-18T17:38:17.514] [INFO] access - ::1 - - "GET /sockjs-node/info?t=1650274697503 HTTP/1.1" 200 79 "http://localhost:3001/" "Mozilla/5.0 (Windows NT 10.0; Win64; x64) AppleWebKit/537.36 (KHTML, like Gecko) Chrome/100.0.4896.88 Safari/537.36"
[2022-04-18T17:39:21.561] [INFO] access - ::1 - - "GET /sockjs-node/info?t=1650274761556 HTTP/1.1" 200 79 "http://localhost:3001/" "Mozilla/5.0 (Windows NT 10.0; Win64; x64) AppleWebKit/537.36 (KHTML, like Gecko) Chrome/100.0.4896.88 Safari/537.36"
[2022-04-18T21:55:57.828] [INFO] access - ::1 - - "GET / HTTP/1.1" 200 79 "" "Mozilla/5.0 (Windows NT 10.0; Win64; x64) AppleWebKit/537.36 (KHTML, like Gecko) Chrome/100.0.4896.88 Safari/537.36"
[2022-04-18T21:55:58.865] [INFO] access - ::1 - - "GET /favicon.ico HTTP/1.1" 200 79 "http://localhost:3000/" "Mozilla/5.0 (Windows NT 10.0; Win64; x64) AppleWebKit/537.36 (KHTML, like Gecko) Chrome/100.0.4896.88 Safari/537.36"
[2022-04-18T21:58:20.502] [INFO] access - ::1 - - "POST /users/register HTTP/1.1" 200 51 "http://localhost:3000/swagger" "Mozilla/5.0 (Windows NT 10.0; Win64; x64) AppleWebKit/537.36 (KHTML, like Gecko) Chrome/100.0.4896.88 Safari/537.36"
[2022-04-18T21:58:36.175] [INFO] access - ::1 - - "GET /users/info HTTP/1.1" 200 79 "http://localhost:3000/swagger" "Mozilla/5.0 (Windows NT 10.0; Win64; x64) AppleWebKit/537.36 (KHTML, like Gecko) Chrome/100.0.4896.88 Safari/537.36"
[2022-04-18T21:58:49.066] [INFO] access - ::1 - - "POST /upload/uploadfile HTTP/1.1" 200 79 "http://localhost:3000/swagger" "Mozilla/5.0 (Windows NT 10.0; Win64; x64) AppleWebKit/537.36 (KHTML, like Gecko) Chrome/100.0.4896.88 Safari/537.36"
[2022-04-18T21:58:57.583] [INFO] access - ::1 - - "POST /users/login HTTP/1.1" 200 199 "http://localhost:3000/swagger" "Mozilla/5.0 (Windows NT 10.0; Win64; x64) AppleWebKit/537.36 (KHTML, like Gecko) Chrome/100.0.4896.88 Safari/537.36"
[2022-04-18T21:59:19.839] [INFO] access - ::1 - - "GET /users/info HTTP/1.1" 200 79 "http://localhost:3000/swagger" "Mozilla/5.0 (Windows NT 10.0; Win64; x64) AppleWebKit/537.36 (KHTML, like Gecko) Chrome/100.0.4896.88 Safari/537.36"
[2022-04-18T21:59:21.347] [INFO] access - ::1 - - "GET /users/info HTTP/1.1" 200 79 "http://localhost:3000/swagger" "Mozilla/5.0 (Windows NT 10.0; Win64; x64) AppleWebKit/537.36 (KHTML, like Gecko) Chrome/100.0.4896.88 Safari/537.36"
[2022-04-18T21:59:22.874] [INFO] access - ::1 - - "GET /users/info HTTP/1.1" 200 79 "http://localhost:3000/swagger" "Mozilla/5.0 (Windows NT 10.0; Win64; x64) AppleWebKit/537.36 (KHTML, like Gecko) Chrome/100.0.4896.88 Safari/537.36"
[2022-04-18T21:59:25.790] [INFO] access - ::1 - - "GET /users/info HTTP/1.1" 200 79 "http://localhost:3000/swagger" "Mozilla/5.0 (Windows NT 10.0; Win64; x64) AppleWebKit/537.36 (KHTML, like Gecko) Chrome/100.0.4896.88 Safari/537.36"
[2022-04-18T21:59:54.174] [INFO] access - ::1 - - "GET /users/info HTTP/1.1" 200 79 "http://localhost:3000/swagger" "Mozilla/5.0 (Windows NT 10.0; Win64; x64) AppleWebKit/537.36 (KHTML, like Gecko) Chrome/100.0.4896.88 Safari/537.36"
[2022-04-18T22:00:05.750] [INFO] access - ::1 - - "POST /upload/uploadfile HTTP/1.1" 200 79 "http://localhost:3000/swagger" "Mozilla/5.0 (Windows NT 10.0; Win64; x64) AppleWebKit/537.36 (KHTML, like Gecko) Chrome/100.0.4896.88 Safari/537.36"
[2022-04-18T22:02:02.212] [INFO] access - ::1 - - "GET /users/info HTTP/1.1" 200 121 "http://localhost:3000/swagger" "Mozilla/5.0 (Windows NT 10.0; Win64; x64) AppleWebKit/537.36 (KHTML, like Gecko) Chrome/100.0.4896.88 Safari/537.36"
[2022-04-18T22:02:11.196] [INFO] access - ::1 - - "POST /upload/uploadfile HTTP/1.1" 200 86 "http://localhost:3000/swagger" "Mozilla/5.0 (Windows NT 10.0; Win64; x64) AppleWebKit/537.36 (KHTML, like Gecko) Chrome/100.0.4896.88 Safari/537.36"
[2022-04-18T22:02:23.065] [INFO] access - ::1 - - "GET /favicon.ico HTTP/1.1" 200 79 "http://localhost:3000/uploads/2022418/1650290531188.jpg" "Mozilla/5.0 (Windows NT 10.0; Win64; x64) AppleWebKit/537.36 (KHTML, like Gecko) Chrome/100.0.4896.88 Safari/537.36"
[2022-04-18T22:02:28.383] [INFO] access - ::1 - - "GET /users/info HTTP/1.1" 200 121 "http://localhost:3000/swagger" "Mozilla/5.0 (Windows NT 10.0; Win64; x64) AppleWebKit/537.36 (KHTML, like Gecko) Chrome/100.0.4896.88 Safari/537.36"
[2022-04-18T22:05:41.343] [INFO] access - ::1 - - "POST /users/register HTTP/1.1" 200 121 "http://localhost:3000/swagger" "Mozilla/5.0 (Windows NT 10.0; Win64; x64) AppleWebKit/537.36 (KHTML, like Gecko) Chrome/100.0.4896.88 Safari/537.36"
[2022-04-18T22:06:11.676] [INFO] access - ::1 - - "POST /users/register HTTP/1.1" 200 46 "http://localhost:3000/swagger" "Mozilla/5.0 (Windows NT 10.0; Win64; x64) AppleWebKit/537.36 (KHTML, like Gecko) Chrome/100.0.4896.88 Safari/537.36"
[2022-04-18T22:06:26.679] [INFO] access - ::1 - - "POST /users/register HTTP/1.1" 200 46 "http://localhost:3000/swagger" "Mozilla/5.0 (Windows NT 10.0; Win64; x64) AppleWebKit/537.36 (KHTML, like Gecko) Chrome/100.0.4896.88 Safari/537.36"
[2022-04-18T22:06:28.006] [INFO] access - ::1 - - "POST /users/register HTTP/1.1" 200 46 "http://localhost:3000/swagger" "Mozilla/5.0 (Windows NT 10.0; Win64; x64) AppleWebKit/537.36 (KHTML, like Gecko) Chrome/100.0.4896.88 Safari/537.36"
[2022-04-18T22:06:38.799] [INFO] access - ::1 - - "POST /users/register HTTP/1.1" 200 51 "http://localhost:3000/swagger" "Mozilla/5.0 (Windows NT 10.0; Win64; x64) AppleWebKit/537.36 (KHTML, like Gecko) Chrome/100.0.4896.88 Safari/537.36"
